#
# A fatal error has been detected by the Java Runtime Environment:
#
#  EXCEPTION_ACCESS_VIOLATION (0xc0000005) at pc=0x6f697461, pid=7716, tid=5704
#
# JRE version: 6.0_27-b07
# Java VM: Java HotSpot(TM) Client VM (20.2-b06 mixed mode windows-x86 )
# Problematic frame:
# C  0x6f697461
#
# If you would like to submit a bug report, please visit:
#   http://java.sun.com/webapps/bugreport/crash.jsp
# The crash happened outside the Java Virtual Machine in native code.
# See problematic frame for where to report the bug.
#

---------------  T H R E A D  ---------------

Current thread (0x1b885800):  JavaThread "Thread-5" [_thread_in_native, id=5704, stack(0x1ae70000,0x1aec0000)]

siginfo: ExceptionCode=0xc0000005, reading address 0x6f697461

Registers:
EAX=0x6120726f, EBX=0x6d8860a0, ECX=0x7588759f, EDX=0x6120726f
ESP=0x1aebf3d0, EBP=0x63696c70, ESI=0x149e6ab0, EDI=0x1b885800
EIP=0x6f697461, EFLAGS=0x00010212

Top of Stack: (sp=0x1aebf3d0)
0x1aebf3d0:   6572206e 73657571 0a0d2e74 0000000a
0x1aebf3e0:   1aebf428 775d494c 0000000f 0000032c
0x1aebf3f0:   00000032 1aebf408 775d45bc 75886b74
0x1aebf400:   000003fc 00000000 1aebf428 768f1808
0x1aebf410:   000003fc 1b885800 149e6ab0 6d8860a0
0x1aebf420:   00000000 00000004 1aebf6a8 01fb5169
0x1aebf430:   0000032c 1aebf6a4 1aebf438 14674e06
0x1aebf440:   1aebf470 14675d18 00000000 14674e70 

Instructions: (pc=0x6f697461)
0x6f697441:   
[error occurred during error reporting (printing registers, top of stack, instructions near pc), id 0xc0000005]

Register to memory mapping:

EAX=0x6120726f is an unknown value
EBX=0x6d8860a0 is an unknown value
ECX=0x7588759f is an unknown value
EDX=0x6120726f is an unknown value
ESP=0x1aebf3d0 is pointing into the stack for thread: 0x1b885800
EBP=0x63696c70 is an unknown value
ESI=0x149e6ab0 is an oop
{method} 
 - klass: {other class}
EDI=0x1b885800 is a thread


Stack: [0x1ae70000,0x1aec0000],  sp=0x1aebf3d0,  free space=316k
Native frames: (J=compiled Java code, j=interpreted, Vv=VM code, C=native code)
C  0x6f697461

[error occurred during error reporting (printing native stack), id 0xc0000005]

Java frames: (J=compiled Java code, j=interpreted, Vv=VM code)
j  gnu.io.RXTXPort.eventLoop()V+0
j  gnu.io.RXTXPort$MonitorThread.run()V+12
v  ~StubRoutines::call_stub

---------------  P R O C E S S  ---------------

Java Threads: ( => current thread )
=>0x1b885800 JavaThread "Thread-5" [_thread_in_native, id=5704, stack(0x1ae70000,0x1aec0000)]
  0x1a8ad000 JavaThread "TimerQueue" daemon [_thread_blocked, id=7780, stack(0x1aec0000,0x1af10000)]
  0x1a173000 JavaThread "DestroyJavaVM" [_thread_blocked, id=8180, stack(0x00540000,0x00590000)]
  0x1a172c00 JavaThread "AWT-EventQueue-0" [_thread_blocked, id=8044, stack(0x1a5c0000,0x1a610000)]
  0x1a171400 JavaThread "AWT-Windows" daemon [_thread_in_native, id=7844, stack(0x1a570000,0x1a5c0000)]
  0x1a171000 JavaThread "AWT-Shutdown" [_thread_blocked, id=3772, stack(0x1a520000,0x1a570000)]
  0x1a170800 JavaThread "Java2D Disposer" daemon [_thread_blocked, id=7544, stack(0x1a4d0000,0x1a520000)]
  0x020ffc00 JavaThread "Low Memory Detector" daemon [_thread_blocked, id=7448, stack(0x1a290000,0x1a2e0000)]
  0x020fcc00 JavaThread "C1 CompilerThread0" daemon [_thread_blocked, id=5436, stack(0x1a040000,0x1a090000)]
  0x020fac00 JavaThread "Attach Listener" daemon [_thread_blocked, id=6760, stack(0x19ff0000,0x1a040000)]
  0x020f7c00 JavaThread "Signal Dispatcher" daemon [_thread_blocked, id=7832, stack(0x19fa0000,0x19ff0000)]
  0x020aac00 JavaThread "Finalizer" daemon [_thread_blocked, id=7528, stack(0x19f50000,0x19fa0000)]
  0x020a9400 JavaThread "Reference Handler" daemon [_thread_blocked, id=6336, stack(0x19f00000,0x19f50000)]

Other Threads:
  0x0209fc00 VMThread [stack: 0x01f60000,0x01fb0000] [id=844]
  0x1a0a6c00 WatcherThread [stack: 0x1a2e0000,0x1a330000] [id=7296]

VM state:not at safepoint (normal execution)

VM Mutex/Monitor currently owned by a thread: None

Heap
 def new generation   total 4928K, used 2234K [0x04100000, 0x04650000, 0x09650000)
  eden space 4416K,  40% used [0x04100000, 0x042c1180, 0x04550000)
  from space 512K,  85% used [0x045d0000, 0x0463d958, 0x04650000)
  to   space 512K,   0% used [0x04550000, 0x04550000, 0x045d0000)
 tenured generation   total 10944K, used 3482K [0x09650000, 0x0a100000, 0x14100000)
   the space 10944K,  31% used [0x09650000, 0x099b6bc8, 0x099b6c00, 0x0a100000)
 compacting perm gen  total 12288K, used 10942K [0x14100000, 0x14d00000, 0x18100000)
   the space 12288K,  89% used [0x14100000, 0x14baf850, 0x14bafa00, 0x14d00000)
No shared spaces configured.

Code Cache  [0x02100000, 0x02218000, 0x04100000)
 total_blobs=677 nmethods=476 adapters=136 free_code_cache=32412352 largest_free_block=192

Dynamic libraries:
0x00400000 - 0x00424000 	C:\Program Files\Java\jre6\bin\javaw.exe
0x77590000 - 0x776cc000 	C:\Windows\SYSTEM32\ntdll.dll
0x76860000 - 0x76934000 	C:\Windows\system32\kernel32.dll
0x75880000 - 0x758cb000 	C:\Windows\system32\KERNELBASE.dll
0x74e50000 - 0x74ec1000 	C:\Windows\System32\SYSFER.DLL
0x76790000 - 0x76830000 	C:\Windows\system32\ADVAPI32.dll
0x760a0000 - 0x7614c000 	C:\Windows\system32\msvcrt.dll
0x764a0000 - 0x764b9000 	C:\Windows\SYSTEM32\sechost.dll
0x76240000 - 0x762e1000 	C:\Windows\system32\RPCRT4.dll
0x776f0000 - 0x777b9000 	C:\Windows\system32\USER32.dll
0x75e90000 - 0x75ede000 	C:\Windows\system32\GDI32.dll
0x75ab0000 - 0x75aba000 	C:\Windows\system32\LPK.dll
0x75ac0000 - 0x75b5e000 	C:\Windows\system32\USP10.dll
0x75650000 - 0x7569b000 	C:\Windows\system32\apphelp.dll
0x66160000 - 0x661ec000 	C:\Windows\AppPatch\AcLayers.DLL
0x75630000 - 0x7564a000 	C:\Windows\system32\SspiCli.dll
0x76940000 - 0x77589000 	C:\Windows\system32\SHELL32.dll
0x76540000 - 0x76597000 	C:\Windows\system32\SHLWAPI.dll
0x75b70000 - 0x75ccc000 	C:\Windows\system32\ole32.dll
0x761b0000 - 0x7623f000 	C:\Windows\system32\OLEAUT32.dll
0x74850000 - 0x74867000 	C:\Windows\system32\USERENV.dll
0x75720000 - 0x7572b000 	C:\Windows\system32\profapi.dll
0x72ca0000 - 0x72cf1000 	C:\Windows\system32\WINSPOOL.DRV
0x71880000 - 0x71892000 	C:\Windows\system32\MPR.dll
0x749e0000 - 0x74bf8000 	C:\Windows\AppPatch\AcGenral.DLL
0x73e10000 - 0x73e50000 	C:\Windows\system32\UxTheme.dll
0x73d30000 - 0x73d62000 	C:\Windows\system32\WINMM.dll
0x00140000 - 0x0014f000 	C:\Windows\system32\samcli.dll
0x6c500000 - 0x6c514000 	C:\Windows\system32\MSACM32.dll
0x749c0000 - 0x749c9000 	C:\Windows\system32\VERSION.dll
0x69710000 - 0x69713000 	C:\Windows\system32\sfc.dll
0x69700000 - 0x6970d000 	C:\Windows\system32\sfc_os.DLL
0x73b90000 - 0x73ba3000 	C:\Windows\system32\dwmapi.dll
0x762f0000 - 0x7648d000 	C:\Windows\system32\SETUPAPI.dll
0x75830000 - 0x75857000 	C:\Windows\system32\CFGMGR32.dll
0x75860000 - 0x75872000 	C:\Windows\system32\DEVOBJ.dll
0x76670000 - 0x76781000 	C:\Windows\system32\urlmon.dll
0x75ee0000 - 0x76098000 	C:\Windows\system32\iertutil.dll
0x75cd0000 - 0x75deb000 	C:\Windows\system32\WININET.dll
0x76490000 - 0x76493000 	C:\Windows\system32\Normaliz.dll
0x2a2a0000 - 0x2a4f9000 	C:\Windows\AppPatch\AcXtrnal.DLL
0x74230000 - 0x74236000 	C:\Windows\system32\SHUNIMPL.DLL
0x6b9a0000 - 0x6b9b1000 	C:\Windows\system32\SortWindows6Compat.dll
0x776d0000 - 0x776ef000 	C:\Windows\system32\IMM32.DLL
0x765a0000 - 0x7666c000 	C:\Windows\system32\MSCTF.dll
0x7c340000 - 0x7c396000 	C:\Program Files\Java\jre6\bin\msvcr71.dll
0x6d7f0000 - 0x6da9f000 	C:\Program Files\Java\jre6\bin\client\jvm.dll
0x6d7a0000 - 0x6d7ac000 	C:\Program Files\Java\jre6\bin\verify.dll
0x6d320000 - 0x6d33f000 	C:\Program Files\Java\jre6\bin\java.dll
0x6d7e0000 - 0x6d7ef000 	C:\Program Files\Java\jre6\bin\zip.dll
0x6d000000 - 0x6d14c000 	C:\Program Files\Java\jre6\bin\awt.dll
0x74c60000 - 0x74dfe000 	C:\Windows\WinSxS\x86_microsoft.windows.common-controls_6595b64144ccf1df_6.0.7600.16661_none_420fe3fa2b8113bd\COMCTL32.dll
0x756a0000 - 0x756ac000 	C:\Windows\system32\CRYPTBASE.dll
0x6d230000 - 0x6d27f000 	C:\Program Files\Java\jre6\bin\fontmanager.dll
0x6d600000 - 0x6d613000 	C:\Program Files\Java\jre6\bin\net.dll
0x75a70000 - 0x75aa5000 	C:\Windows\system32\WS2_32.dll
0x75b60000 - 0x75b66000 	C:\Windows\system32\NSI.dll
0x751b0000 - 0x751ec000 	C:\Windows\system32\mswsock.dll
0x751a0000 - 0x751a6000 	C:\Windows\System32\wship6.dll
0x6d620000 - 0x6d629000 	C:\Program Files\Java\jre6\bin\nio.dll
0x01fb0000 - 0x01fc2000 	C:\Program Files\Java\jre6\bin\rxtxSerial.dll
0x6c240000 - 0x6c267000 	C:\Windows\system32\crtdll.dll
0x75e80000 - 0x75e85000 	C:\Windows\system32\PSAPI.DLL
0x734e0000 - 0x735cb000 	C:\Windows\system32\dbghelp.dll

VM Arguments:
java_command: E:\My Work\Sachetas\ZigBee Cards Project\ZigBee Tool\dist\ZigBee Tool.jar
Launcher Type: SUN_STANDARD

Environment Variables:
JAVA_HOME=C:\Program Files\Java\jdk1.6.0_27
PATH=E:\Installed\Microchip\xc16\v1.11\bin;E:\Installed\Microchip\mplabc30\v3.30\bin;C:\Program Files\Microchip\xc8\v1.12\bin;E:\Installed\Microchip\xc16\v1.10\bin;C:\Program Files\Microchip\xc16\v1.10\bin;C:\MCC18\mpasm;C:\MCC18\bin;C:\Windows\system32;C:\Windows;C:\Windows\System32\Wbem;C:\Windows\System32\WindowsPowerShell\v1.0\;C:\Program Files\Intel\WiFi\bin\;C:\Program Files\Common Files\Intel\WirelessCommon\;C:\Program Files\ThinkPad\Bluetooth Software\;C:\Program Files\Enterprise Vault\EVClient\;E:\Installed\cvsnt;C:\Program Files\Lenovo\Access Connections\;C:\SWTOOLS\ReadyApps;C:\Program Files\Microchip\MPLAB C32 Suite\bin;C:\Program Files\HI-TECH Software\PICC-18\9.80\bin;C:\Program Files\HI-TECH Software\PICC-18\9.80\mpasm;E:\Installed\MPLAB C32 Suite\bin;E:\Installed\Microchip\MPLAB C32 Suite\bin;E:\installed\Microchip\MPLAB IDE\MPLAB C32 Suite\bin;C:\Program Files\apache-ant-1.9.2\bin;"E:\Installed\Microchip\xc16\v1.11\bin";"E:\Installed\Microchip\xc16\v1.10\bin";"E:\Installed\Microchip\xc32\v1.10\bin";"E:\Installed\bin";"C:\Program Files\Microchip\xc32\v1.10\bin";"C:\Program Files\Microchip\xc16\v1.10\bin";C:\MCC18\mpasm;C:\MCC18\bin;"C:\Program Files\Microchip\xc8\v1.10\bin";C:\Program Files\CVSNT\;C:\Python26\;E:\crownking\bin\;
USERNAME=I14746
OS=Windows_NT
PROCESSOR_IDENTIFIER=x86 Family 6 Model 23 Stepping 10, GenuineIntel



---------------  S Y S T E M  ---------------

OS: Windows Vista Build 6000 

CPU:total 2 (2 cores per cpu, 1 threads per core) family 6 model 23 stepping 10, cmov, cx8, fxsr, mmx, sse, sse2, sse3, ssse3, sse4.1

Memory: 4k page, physical 1958768k(423820k free), swap 3917536k(1479888k free)

vm_info: Java HotSpot(TM) Client VM (20.2-b06) for windows-x86 JRE (1.6.0_27-b07), built on Jul 19 2011 01:04:42 by "java_re" with MS VC++ 7.1 (VS2003)

time: Sat Aug 03 12:25:54 2013
elapsed time: 38 seconds

